[INFO]:  Succesfully initialized for file logging.
[INFO]:  Initialized SDL2
[INFO]:  Initialized TTF
[INFO]:  Created SDL_Window
[INFO]:  Created OpenGL context
[INFO]:  Initialized GLAD and loaded OpenGL functions
[INFO]:  sizeof(rText): 40 bytes
[INFO]:  sizeof(rImage): 40 bytes
[INFO]:  Slides count: 2 slides
[INFO]:  Filepath count: 2 filepaths
[INFO]:  Delta Time (ms): 0.097900 (10214.504597 FPS RAW) - Virtual Delta Time (ms): 16.242500 (61.566877 FPS VIRTUAL)
[INFO]:  Delta Time (ms): 0.042800 (23364.485981 FPS RAW) - Virtual Delta Time (ms): 16.678000 (59.959228 FPS VIRTUAL)
[INFO]:  Delta Time (ms): 0.048000 (20833.333333 FPS RAW) - Virtual Delta Time (ms): 16.991800 (58.851917 FPS VIRTUAL)
[INFO]:  Delta Time (ms): 0.049100 (20366.598778 FPS RAW) - Virtual Delta Time (ms): 16.372700 (61.077281 FPS VIRTUAL)
[INFO]:  Delta Time (ms): 0.053200 (18796.992481 FPS RAW) - Virtual Delta Time (ms): 16.530100 (60.495702 FPS VIRTUAL)
[INFO]:  Delta Time (ms): 0.056600 (17667.844523 FPS RAW) - Virtual Delta Time (ms): 16.232500 (61.604805 FPS VIRTUAL)
[INFO]:  Delta Time (ms): 0.075700 (13210.039630 FPS RAW) - Virtual Delta Time (ms): 16.278300 (61.431476 FPS VIRTUAL)
[INFO]:  Delta Time (ms): 0.116300 (8598.452279 FPS RAW) - Virtual Delta Time (ms): 16.697400 (59.889564 FPS VIRTUAL)
[INFO]:  Delta Time (ms): 0.154000 (6493.506494 FPS RAW) - Virtual Delta Time (ms): 16.424500 (60.884654 FPS VIRTUAL)
[INFO]:  Delta Time (ms): 0.179700 (5564.830273 FPS RAW) - Virtual Delta Time (ms): 17.086800 (58.524709 FPS VIRTUAL)
[INFO]:  Delta Time (ms): 0.165100 (6056.935191 FPS RAW) - Virtual Delta Time (ms): 16.413100 (60.926943 FPS VIRTUAL)
[INFO]:  Delta Time (ms): 0.166900 (5991.611744 FPS RAW) - Virtual Delta Time (ms): 16.473800 (60.702449 FPS VIRTUAL)
[INFO]:  Delta Time (ms): 0.165800 (6031.363088 FPS RAW) - Virtual Delta Time (ms): 17.121500 (58.406098 FPS VIRTUAL)
[INFO]:  Delta Time (ms): 0.169200 (5910.165485 FPS RAW) - Virtual Delta Time (ms): 16.897700 (59.179652 FPS VIRTUAL)
[INFO]:  Delta Time (ms): 0.131000 (7633.587786 FPS RAW) - Virtual Delta Time (ms): 16.210100 (61.689934 FPS VIRTUAL)
[INFO]:  Delta Time (ms): 0.149900 (6671.114076 FPS RAW) - Virtual Delta Time (ms): 16.343700 (61.185656 FPS VIRTUAL)
[INFO]:  Delta Time (ms): 0.076100 (13140.604468 FPS RAW) - Virtual Delta Time (ms): 16.652600 (60.050683 FPS VIRTUAL)
[INFO]:  Delta Time (ms): 0.101000 (9900.990099 FPS RAW) - Virtual Delta Time (ms): 16.379900 (61.050434 FPS VIRTUAL)
[INFO]:  Delta Time (ms): 0.168800 (5924.170616 FPS RAW) - Virtual Delta Time (ms): 16.901600 (59.165996 FPS VIRTUAL)
[INFO]:  Delta Time (ms): 0.166100 (6020.469597 FPS RAW) - Virtual Delta Time (ms): 16.399400 (60.977841 FPS VIRTUAL)
[INFO]:  Delta Time (ms): 0.167700 (5963.029219 FPS RAW) - Virtual Delta Time (ms): 16.503900 (60.591739 FPS VIRTUAL)
[INFO]:  Delta Time (ms): 0.166000 (6024.096386 FPS RAW) - Virtual Delta Time (ms): 16.906400 (59.149198 FPS VIRTUAL)
[INFO]:  Delta Time (ms): 0.168100 (5948.839976 FPS RAW) - Virtual Delta Time (ms): 16.452800 (60.779928 FPS VIRTUAL)
[INFO]:  Delta Time (ms): 0.165700 (6035.003018 FPS RAW) - Virtual Delta Time (ms): 17.111100 (58.441596 FPS VIRTUAL)
[INFO]:  Delta Time (ms): 0.214800 (4655.493482 FPS RAW) - Virtual Delta Time (ms): 16.422800 (60.890956 FPS VIRTUAL)
[INFO]:  Delta Time (ms): 0.168900 (5920.663114 FPS RAW) - Virtual Delta Time (ms): 16.459300 (60.755925 FPS VIRTUAL)
[INFO]:  Delta Time (ms): 0.171100 (5844.535359 FPS RAW) - Virtual Delta Time (ms): 16.538700 (60.464244 FPS VIRTUAL)
[INFO]:  Delta Time (ms): 0.171500 (5830.903790 FPS RAW) - Virtual Delta Time (ms): 16.414700 (60.921004 FPS VIRTUAL)
[INFO]:  Delta Time (ms): 0.166000 (6024.096386 FPS RAW) - Virtual Delta Time (ms): 16.914500 (59.120873 FPS VIRTUAL)
[INFO]:  Delta Time (ms): 0.168400 (5938.242280 FPS RAW) - Virtual Delta Time (ms): 16.910200 (59.135906 FPS VIRTUAL)
[INFO]:  Delta Time (ms): 0.166300 (6013.229104 FPS RAW) - Virtual Delta Time (ms): 16.347300 (61.172181 FPS VIRTUAL)
[INFO]:  Delta Time (ms): 0.166500 (6006.006006 FPS RAW) - Virtual Delta Time (ms): 16.398800 (60.980072 FPS VIRTUAL)
[INFO]:  Delta Time (ms): 0.180800 (5530.973451 FPS RAW) - Virtual Delta Time (ms): 16.964400 (58.946971 FPS VIRTUAL)
[INFO]:  Delta Time (ms): 0.165000 (6060.606061 FPS RAW) - Virtual Delta Time (ms): 16.953100 (58.986262 FPS VIRTUAL)
[INFO]:  Delta Time (ms): 0.165800 (6031.363088 FPS RAW) - Virtual Delta Time (ms): 16.400000 (60.975610 FPS VIRTUAL)
[INFO]:  Delta Time (ms): 0.163900 (6101.281269 FPS RAW) - Virtual Delta Time (ms): 16.492800 (60.632518 FPS VIRTUAL)
[INFO]:  Delta Time (ms): 0.167600 (5966.587112 FPS RAW) - Virtual Delta Time (ms): 16.911400 (59.131710 FPS VIRTUAL)
[INFO]:  Delta Time (ms): 0.171200 (5841.121495 FPS RAW) - Virtual Delta Time (ms): 17.188900 (58.177079 FPS VIRTUAL)
[INFO]:  Delta Time (ms): 0.117200 (8532.423208 FPS RAW) - Virtual Delta Time (ms): 16.928100 (59.073375 FPS VIRTUAL)
[INFO]:  Delta Time (ms): 0.074100 (13495.276653 FPS RAW) - Virtual Delta Time (ms): 16.968700 (58.932034 FPS VIRTUAL)
[INFO]:  Delta Time (ms): 0.074100 (13495.276653 FPS RAW) - Virtual Delta Time (ms): 16.963400 (58.950446 FPS VIRTUAL)
[INFO]:  Delta Time (ms): 0.058400 (17123.287671 FPS RAW) - Virtual Delta Time (ms): 16.982300 (58.884839 FPS VIRTUAL)
[INFO]:  Delta Time (ms): 0.060400 (16556.291391 FPS RAW) - Virtual Delta Time (ms): 16.981700 (58.886919 FPS VIRTUAL)
[INFO]:  Delta Time (ms): 0.062900 (15898.251192 FPS RAW) - Virtual Delta Time (ms): 16.987100 (58.868200 FPS VIRTUAL)
[INFO]:  Delta Time (ms): 0.079400 (12594.458438 FPS RAW) - Virtual Delta Time (ms): 16.961900 (58.955659 FPS VIRTUAL)
[INFO]:  Delta Time (ms): 0.060700 (16474.464580 FPS RAW) - Virtual Delta Time (ms): 16.927800 (59.074422 FPS VIRTUAL)
[INFO]:  Delta Time (ms): 0.059600 (16778.523490 FPS RAW) - Virtual Delta Time (ms): 16.986400 (58.870626 FPS VIRTUAL)
[INFO]:  Delta Time (ms): 0.060900 (16420.361248 FPS RAW) - Virtual Delta Time (ms): 16.978900 (58.896631 FPS VIRTUAL)
[INFO]:  Delta Time (ms): 0.060400 (16556.291391 FPS RAW) - Virtual Delta Time (ms): 16.970000 (58.927519 FPS VIRTUAL)
[INFO]:  Delta Time (ms): 0.118900 (8410.428932 FPS RAW) - Virtual Delta Time (ms): 16.990200 (58.857459 FPS VIRTUAL)
[INFO]:  Delta Time (ms): 0.109400 (9140.767824 FPS RAW) - Virtual Delta Time (ms): 16.913100 (59.125766 FPS VIRTUAL)
[INFO]:  Delta Time (ms): 0.084800 (11792.452830 FPS RAW) - Virtual Delta Time (ms): 16.982700 (58.883452 FPS VIRTUAL)
[INFO]:  Delta Time (ms): 0.150300 (6653.359947 FPS RAW) - Virtual Delta Time (ms): 16.690500 (59.914323 FPS VIRTUAL)
[INFO]:  Delta Time (ms): 0.871400 (1147.578609 FPS RAW) - Virtual Delta Time (ms): 16.773400 (59.618205 FPS VIRTUAL)
[INFO]:  Delta Time (ms): 0.221300 (4518.752824 FPS RAW) - Virtual Delta Time (ms): 16.385400 (61.029941 FPS VIRTUAL)
[INFO]:  Delta Time (ms): 0.178200 (5611.672278 FPS RAW) - Virtual Delta Time (ms): 17.294300 (57.822520 FPS VIRTUAL)
[INFO]:  Delta Time (ms): 0.176700 (5659.309564 FPS RAW) - Virtual Delta Time (ms): 16.414500 (60.921746 FPS VIRTUAL)
[INFO]:  Delta Time (ms): 0.180600 (5537.098560 FPS RAW) - Virtual Delta Time (ms): 17.066200 (58.595352 FPS VIRTUAL)
[INFO]:  Delta Time (ms): 0.176100 (5678.591709 FPS RAW) - Virtual Delta Time (ms): 17.046700 (58.662380 FPS VIRTUAL)
[INFO]:  Delta Time (ms): 0.229100 (4364.906155 FPS RAW) - Virtual Delta Time (ms): 16.554400 (60.406901 FPS VIRTUAL)
[INFO]:  Delta Time (ms): 0.252100 (3966.679889 FPS RAW) - Virtual Delta Time (ms): 16.865800 (59.291584 FPS VIRTUAL)
[INFO]:  Delta Time (ms): 0.159900 (6253.908693 FPS RAW) - Virtual Delta Time (ms): 17.018600 (58.759240 FPS VIRTUAL)
[INFO]:  Delta Time (ms): 0.322600 (3099.814011 FPS RAW) - Virtual Delta Time (ms): 17.648500 (56.662039 FPS VIRTUAL)
[INFO]:  Delta Time (ms): 0.056000 (17857.142857 FPS RAW) - Virtual Delta Time (ms): 16.405400 (60.955539 FPS VIRTUAL)
[INFO]:  Delta Time (ms): 0.065500 (15267.175573 FPS RAW) - Virtual Delta Time (ms): 16.410900 (60.935110 FPS VIRTUAL)
[INFO]:  Delta Time (ms): 0.150500 (6644.518272 FPS RAW) - Virtual Delta Time (ms): 16.880500 (59.239951 FPS VIRTUAL)
[INFO]:  Delta Time (ms): 0.151200 (6613.756614 FPS RAW) - Virtual Delta Time (ms): 17.080600 (58.545953 FPS VIRTUAL)
[INFO]:  Delta Time (ms): 0.153000 (6535.947712 FPS RAW) - Virtual Delta Time (ms): 16.969200 (58.930297 FPS VIRTUAL)
[INFO]:  Delta Time (ms): 0.156500 (6389.776358 FPS RAW) - Virtual Delta Time (ms): 17.022300 (58.746468 FPS VIRTUAL)
[INFO]:  Delta Time (ms): 0.188900 (5293.806247 FPS RAW) - Virtual Delta Time (ms): 16.546300 (60.436472 FPS VIRTUAL)
[INFO]:  Delta Time (ms): 0.188700 (5299.417064 FPS RAW) - Virtual Delta Time (ms): 16.552300 (60.414565 FPS VIRTUAL)
[INFO]:  Delta Time (ms): 0.195300 (5120.327701 FPS RAW) - Virtual Delta Time (ms): 16.813800 (59.474955 FPS VIRTUAL)
[INFO]:  Delta Time (ms): 0.186600 (5359.056806 FPS RAW) - Virtual Delta Time (ms): 17.004900 (58.806579 FPS VIRTUAL)
[INFO]:  Delta Time (ms): 0.128400 (7788.161994 FPS RAW) - Virtual Delta Time (ms): 16.428700 (60.869089 FPS VIRTUAL)
[INFO]:  Delta Time (ms): 0.085800 (11655.011655 FPS RAW) - Virtual Delta Time (ms): 16.131200 (61.991668 FPS VIRTUAL)
[INFO]:  Delta Time (ms): 0.079200 (12626.262626 FPS RAW) - Virtual Delta Time (ms): 16.723800 (59.795023 FPS VIRTUAL)
[INFO]:  Delta Time (ms): 0.078900 (12674.271229 FPS RAW) - Virtual Delta Time (ms): 16.423700 (60.887620 FPS VIRTUAL)
[INFO]:  Delta Time (ms): 0.621700 (1608.492842 FPS RAW) - Virtual Delta Time (ms): 16.962600 (58.953227 FPS VIRTUAL)
[INFO]:  Delta Time (ms): 0.139700 (7158.196135 FPS RAW) - Virtual Delta Time (ms): 16.263100 (61.488892 FPS VIRTUAL)
[INFO]:  Delta Time (ms): 0.135800 (7363.770250 FPS RAW) - Virtual Delta Time (ms): 17.195200 (58.155764 FPS VIRTUAL)
[INFO]:  Delta Time (ms): 0.136500 (7326.007326 FPS RAW) - Virtual Delta Time (ms): 16.413400 (60.925829 FPS VIRTUAL)
[INFO]:  Delta Time (ms): 0.136800 (7309.941520 FPS RAW) - Virtual Delta Time (ms): 16.761500 (59.660532 FPS VIRTUAL)
[INFO]:  Delta Time (ms): 0.136500 (7326.007326 FPS RAW) - Virtual Delta Time (ms): 16.362300 (61.116102 FPS VIRTUAL)
[INFO]:  Delta Time (ms): 0.188100 (5316.321106 FPS RAW) - Virtual Delta Time (ms): 16.970700 (58.925089 FPS VIRTUAL)
[INFO]:  Delta Time (ms): 0.188300 (5310.674456 FPS RAW) - Virtual Delta Time (ms): 17.208400 (58.111155 FPS VIRTUAL)
[INFO]:  Delta Time (ms): 0.189100 (5288.207298 FPS RAW) - Virtual Delta Time (ms): 16.321000 (61.270755 FPS VIRTUAL)
[INFO]:  Delta Time (ms): 0.190100 (5260.389269 FPS RAW) - Virtual Delta Time (ms): 16.448400 (60.796187 FPS VIRTUAL)
[INFO]:  Delta Time (ms): 0.191200 (5230.125523 FPS RAW) - Virtual Delta Time (ms): 17.087400 (58.522654 FPS VIRTUAL)
[INFO]:  Delta Time (ms): 0.184000 (5434.782609 FPS RAW) - Virtual Delta Time (ms): 16.246400 (61.552098 FPS VIRTUAL)
[INFO]:  Delta Time (ms): 0.187700 (5327.650506 FPS RAW) - Virtual Delta Time (ms): 16.550900 (60.419675 FPS VIRTUAL)
[INFO]:  Delta Time (ms): 0.188500 (5305.039788 FPS RAW) - Virtual Delta Time (ms): 17.106900 (58.455945 FPS VIRTUAL)
[INFO]:  Delta Time (ms): 0.187000 (5347.593583 FPS RAW) - Virtual Delta Time (ms): 16.901600 (59.165996 FPS VIRTUAL)
[INFO]:  Delta Time (ms): 0.182800 (5470.459519 FPS RAW) - Virtual Delta Time (ms): 16.951400 (58.992178 FPS VIRTUAL)
[INFO]:  Delta Time (ms): 0.222600 (4492.362983 FPS RAW) - Virtual Delta Time (ms): 16.591600 (60.271463 FPS VIRTUAL)
[INFO]:  Delta Time (ms): 0.052900 (18903.591682 FPS RAW) - Virtual Delta Time (ms): 16.143800 (61.943285 FPS VIRTUAL)
[INFO]:  Delta Time (ms): 0.074700 (13386.880857 FPS RAW) - Virtual Delta Time (ms): 16.433100 (60.852791 FPS VIRTUAL)
[INFO]:  Delta Time (ms): 0.057100 (17513.134851 FPS RAW) - Virtual Delta Time (ms): 16.746300 (59.714683 FPS VIRTUAL)
[INFO]:  Delta Time (ms): 0.109600 (9124.087591 FPS RAW) - Virtual Delta Time (ms): 16.462100 (60.745591 FPS VIRTUAL)
[INFO]:  Delta Time (ms): 0.061200 (16339.869281 FPS RAW) - Virtual Delta Time (ms): 16.318700 (61.279391 FPS VIRTUAL)
[INFO]:  Delta Time (ms): 0.071400 (14005.602241 FPS RAW) - Virtual Delta Time (ms): 16.123600 (62.020889 FPS VIRTUAL)
[INFO]:  Delta Time (ms): 0.099000 (10101.010101 FPS RAW) - Virtual Delta Time (ms): 16.420200 (60.900598 FPS VIRTUAL)
[INFO]:  Delta Time (ms): 0.219400 (4557.885141 FPS RAW) - Virtual Delta Time (ms): 16.538000 (60.466804 FPS VIRTUAL)
[INFO]:  Delta Time (ms): 0.188900 (5293.806247 FPS RAW) - Virtual Delta Time (ms): 16.433700 (60.850569 FPS VIRTUAL)
[INFO]:  Delta Time (ms): 0.189900 (5265.929437 FPS RAW) - Virtual Delta Time (ms): 17.099400 (58.481584 FPS VIRTUAL)
[INFO]:  Delta Time (ms): 0.196800 (5081.300813 FPS RAW) - Virtual Delta Time (ms): 16.445600 (60.806538 FPS VIRTUAL)
[INFO]:  Delta Time (ms): 0.186200 (5370.569280 FPS RAW) - Virtual Delta Time (ms): 16.467400 (60.726041 FPS VIRTUAL)
[INFO]:  Delta Time (ms): 0.191900 (5211.047421 FPS RAW) - Virtual Delta Time (ms): 17.039700 (58.686479 FPS VIRTUAL)
[INFO]:  Delta Time (ms): 0.196800 (5081.300813 FPS RAW) - Virtual Delta Time (ms): 16.458300 (60.759617 FPS VIRTUAL)
[INFO]:  Delta Time (ms): 0.187000 (5347.593583 FPS RAW) - Virtual Delta Time (ms): 17.075100 (58.564811 FPS VIRTUAL)
[INFO]:  Delta Time (ms): 0.189400 (5279.831045 FPS RAW) - Virtual Delta Time (ms): 16.349900 (61.162454 FPS VIRTUAL)
[INFO]:  Delta Time (ms): 0.188100 (5316.321106 FPS RAW) - Virtual Delta Time (ms): 16.406200 (60.952567 FPS VIRTUAL)
[INFO]:  Delta Time (ms): 0.193600 (5165.289256 FPS RAW) - Virtual Delta Time (ms): 16.377000 (61.061244 FPS VIRTUAL)
[INFO]:  Delta Time (ms): 0.187200 (5341.880342 FPS RAW) - Virtual Delta Time (ms): 17.090400 (58.512381 FPS VIRTUAL)
[INFO]:  Delta Time (ms): 0.189400 (5279.831045 FPS RAW) - Virtual Delta Time (ms): 17.256100 (57.950522 FPS VIRTUAL)
[INFO]:  Delta Time (ms): 0.187400 (5336.179296 FPS RAW) - Virtual Delta Time (ms): 16.402200 (60.967431 FPS VIRTUAL)
[INFO]:  Delta Time (ms): 0.189400 (5279.831045 FPS RAW) - Virtual Delta Time (ms): 16.508200 (60.575956 FPS VIRTUAL)
[INFO]:  Delta Time (ms): 0.191200 (5230.125523 FPS RAW) - Virtual Delta Time (ms): 16.677600 (59.960666 FPS VIRTUAL)
[INFO]:  Delta Time (ms): 0.188900 (5293.806247 FPS RAW) - Virtual Delta Time (ms): 16.434400 (60.847977 FPS VIRTUAL)
[INFO]:  Delta Time (ms): 0.209800 (4766.444233 FPS RAW) - Virtual Delta Time (ms): 17.283200 (57.859656 FPS VIRTUAL)
[INFO]:  Delta Time (ms): 0.213300 (4688.232536 FPS RAW) - Virtual Delta Time (ms): 17.102200 (58.472009 FPS VIRTUAL)
[INFO]:  Delta Time (ms): 0.186200 (5370.569280 FPS RAW) - Virtual Delta Time (ms): 16.451200 (60.785839 FPS VIRTUAL)
[INFO]:  Delta Time (ms): 0.187400 (5336.179296 FPS RAW) - Virtual Delta Time (ms): 16.543200 (60.447797 FPS VIRTUAL)
[INFO]:  Delta Time (ms): 0.187500 (5333.333333 FPS RAW) - Virtual Delta Time (ms): 17.036700 (58.696813 FPS VIRTUAL)
[INFO]:  Delta Time (ms): 0.186400 (5364.806867 FPS RAW) - Virtual Delta Time (ms): 16.397700 (60.984162 FPS VIRTUAL)
[INFO]:  Delta Time (ms): 0.186600 (5359.056806 FPS RAW) - Virtual Delta Time (ms): 17.238400 (58.010024 FPS VIRTUAL)
[INFO]:  Delta Time (ms): 0.188400 (5307.855626 FPS RAW) - Virtual Delta Time (ms): 17.030100 (58.719561 FPS VIRTUAL)
[INFO]:  Delta Time (ms): 0.196600 (5086.469990 FPS RAW) - Virtual Delta Time (ms): 16.454300 (60.774387 FPS VIRTUAL)
[INFO]:  Delta Time (ms): 0.187100 (5344.735436 FPS RAW) - Virtual Delta Time (ms): 16.543800 (60.445605 FPS VIRTUAL)
[INFO]:  Delta Time (ms): 0.189200 (5285.412262 FPS RAW) - Virtual Delta Time (ms): 16.749400 (59.703631 FPS VIRTUAL)
[INFO]:  Delta Time (ms): 0.202300 (4943.153732 FPS RAW) - Virtual Delta Time (ms): 16.613200 (60.193099 FPS VIRTUAL)
[INFO]:  Delta Time (ms): 0.186300 (5367.686527 FPS RAW) - Virtual Delta Time (ms): 16.539100 (60.462782 FPS VIRTUAL)
[INFO]:  Delta Time (ms): 0.188500 (5305.039788 FPS RAW) - Virtual Delta Time (ms): 17.215500 (58.087189 FPS VIRTUAL)
[INFO]:  Delta Time (ms): 0.199500 (5012.531328 FPS RAW) - Virtual Delta Time (ms): 16.562600 (60.376994 FPS VIRTUAL)
[INFO]:  Delta Time (ms): 0.054600 (18315.018315 FPS RAW) - Virtual Delta Time (ms): 16.617800 (60.176437 FPS VIRTUAL)
[INFO]:  Delta Time (ms): 0.053900 (18552.875696 FPS RAW) - Virtual Delta Time (ms): 16.376000 (61.064973 FPS VIRTUAL)
[INFO]:  Delta Time (ms): 0.068600 (14577.259475 FPS RAW) - Virtual Delta Time (ms): 16.138100 (61.965163 FPS VIRTUAL)
[INFO]:  Delta Time (ms): 0.083600 (11961.722488 FPS RAW) - Virtual Delta Time (ms): 16.718300 (59.814694 FPS VIRTUAL)
[INFO]:  Delta Time (ms): 0.151000 (6622.516556 FPS RAW) - Virtual Delta Time (ms): 16.521200 (60.528291 FPS VIRTUAL)
[INFO]:  Delta Time (ms): 0.185500 (5390.835580 FPS RAW) - Virtual Delta Time (ms): 16.440000 (60.827251 FPS VIRTUAL)
[INFO]:  Delta Time (ms): 0.186700 (5356.186395 FPS RAW) - Virtual Delta Time (ms): 17.226000 (58.051782 FPS VIRTUAL)
[INFO]:  Delta Time (ms): 0.190200 (5257.623554 FPS RAW) - Virtual Delta Time (ms): 17.118300 (58.417016 FPS VIRTUAL)
[INFO]:  Delta Time (ms): 0.187100 (5344.735436 FPS RAW) - Virtual Delta Time (ms): 17.215300 (58.087864 FPS VIRTUAL)
[INFO]:  Delta Time (ms): 0.253700 (3941.663382 FPS RAW) - Virtual Delta Time (ms): 16.508800 (60.573755 FPS VIRTUAL)
[INFO]:  Delta Time (ms): 0.188200 (5313.496281 FPS RAW) - Virtual Delta Time (ms): 17.112100 (58.438181 FPS VIRTUAL)
[INFO]:  Delta Time (ms): 0.186400 (5364.806867 FPS RAW) - Virtual Delta Time (ms): 16.441100 (60.823181 FPS VIRTUAL)
[INFO]:  Delta Time (ms): 0.187900 (5321.979776 FPS RAW) - Virtual Delta Time (ms): 16.539500 (60.461320 FPS VIRTUAL)
[INFO]:  Delta Time (ms): 0.190600 (5246.589717 FPS RAW) - Virtual Delta Time (ms): 17.187600 (58.181480 FPS VIRTUAL)
[INFO]:  Delta Time (ms): 0.189500 (5277.044855 FPS RAW) - Virtual Delta Time (ms): 16.329900 (61.237362 FPS VIRTUAL)
[INFO]:  Delta Time (ms): 0.188500 (5305.039788 FPS RAW) - Virtual Delta Time (ms): 16.365600 (61.103779 FPS VIRTUAL)
[INFO]:  Delta Time (ms): 0.183700 (5443.658138 FPS RAW) - Virtual Delta Time (ms): 17.128500 (58.382228 FPS VIRTUAL)
[INFO]:  Delta Time (ms): 0.754300 (1325.732467 FPS RAW) - Virtual Delta Time (ms): 16.055400 (62.284340 FPS VIRTUAL)
[INFO]:  Delta Time (ms): 0.178400 (5605.381166 FPS RAW) - Virtual Delta Time (ms): 17.129700 (58.378139 FPS VIRTUAL)
[INFO]:  Delta Time (ms): 0.188000 (5319.148936 FPS RAW) - Virtual Delta Time (ms): 16.391800 (61.006113 FPS VIRTUAL)
[INFO]:  Delta Time (ms): 0.181700 (5503.577325 FPS RAW) - Virtual Delta Time (ms): 16.394700 (60.995322 FPS VIRTUAL)
[INFO]:  Delta Time (ms): 0.187200 (5341.880342 FPS RAW) - Virtual Delta Time (ms): 16.679400 (59.954195 FPS VIRTUAL)
[INFO]:  Delta Time (ms): 0.187800 (5324.813632 FPS RAW) - Virtual Delta Time (ms): 16.312400 (61.303058 FPS VIRTUAL)
[INFO]:  Delta Time (ms): 0.187600 (5330.490405 FPS RAW) - Virtual Delta Time (ms): 17.196900 (58.150015 FPS VIRTUAL)
[INFO]:  Delta Time (ms): 0.189300 (5282.620180 FPS RAW) - Virtual Delta Time (ms): 16.392900 (61.002019 FPS VIRTUAL)
[INFO]:  Delta Time (ms): 0.186300 (5367.686527 FPS RAW) - Virtual Delta Time (ms): 17.089600 (58.515120 FPS VIRTUAL)
[INFO]:  Delta Time (ms): 0.188800 (5296.610169 FPS RAW) - Virtual Delta Time (ms): 16.499600 (60.607530 FPS VIRTUAL)
[INFO]:  Delta Time (ms): 0.182400 (5482.456140 FPS RAW) - Virtual Delta Time (ms): 16.543400 (60.447067 FPS VIRTUAL)
[INFO]:  Delta Time (ms): 0.281900 (3547.357219 FPS RAW) - Virtual Delta Time (ms): 16.537500 (60.468632 FPS VIRTUAL)
[INFO]:  Delta Time (ms): 0.178900 (5589.714925 FPS RAW) - Virtual Delta Time (ms): 16.545800 (60.438299 FPS VIRTUAL)
[INFO]:  Delta Time (ms): 0.188500 (5305.039788 FPS RAW) - Virtual Delta Time (ms): 16.512500 (60.560182 FPS VIRTUAL)
[INFO]:  Delta Time (ms): 0.190300 (5254.860746 FPS RAW) - Virtual Delta Time (ms): 16.670300 (59.986923 FPS VIRTUAL)
[INFO]:  Delta Time (ms): 0.187800 (5324.813632 FPS RAW) - Virtual Delta Time (ms): 16.546900 (60.434281 FPS VIRTUAL)
[INFO]:  Delta Time (ms): 0.190000 (5263.157895 FPS RAW) - Virtual Delta Time (ms): 16.448600 (60.795448 FPS VIRTUAL)
[INFO]:  Delta Time (ms): 0.188300 (5310.674456 FPS RAW) - Virtual Delta Time (ms): 17.085000 (58.530875 FPS VIRTUAL)
[INFO]:  Delta Time (ms): 0.188900 (5293.806247 FPS RAW) - Virtual Delta Time (ms): 16.493800 (60.628842 FPS VIRTUAL)
[INFO]:  Delta Time (ms): 0.189200 (5285.412262 FPS RAW) - Virtual Delta Time (ms): 16.569400 (60.352216 FPS VIRTUAL)
[INFO]:  Delta Time (ms): 0.188600 (5302.226935 FPS RAW) - Virtual Delta Time (ms): 16.402800 (60.965201 FPS VIRTUAL)
[INFO]:  Delta Time (ms): 0.186800 (5353.319058 FPS RAW) - Virtual Delta Time (ms): 16.548500 (60.428438 FPS VIRTUAL)
[INFO]:  Delta Time (ms): 0.177000 (5649.717514 FPS RAW) - Virtual Delta Time (ms): 16.434000 (60.849458 FPS VIRTUAL)
[INFO]:  Delta Time (ms): 0.204700 (4885.197851 FPS RAW) - Virtual Delta Time (ms): 16.426700 (60.876500 FPS VIRTUAL)
[INFO]:  Delta Time (ms): 0.185200 (5399.568035 FPS RAW) - Virtual Delta Time (ms): 16.547500 (60.432089 FPS VIRTUAL)
[INFO]:  Delta Time (ms): 0.187700 (5327.650506 FPS RAW) - Virtual Delta Time (ms): 16.385400 (61.029941 FPS VIRTUAL)
[INFO]:  Delta Time (ms): 0.183500 (5449.591281 FPS RAW) - Virtual Delta Time (ms): 16.383900 (61.035529 FPS VIRTUAL)
[INFO]:  Delta Time (ms): 0.186900 (5350.454789 FPS RAW) - Virtual Delta Time (ms): 16.436300 (60.840944 FPS VIRTUAL)
[INFO]:  Delta Time (ms): 0.220000 (4545.454545 FPS RAW) - Virtual Delta Time (ms): 16.678700 (59.956711 FPS VIRTUAL)
[INFO]:  Delta Time (ms): 0.222100 (4502.476362 FPS RAW) - Virtual Delta Time (ms): 16.995700 (58.838412 FPS VIRTUAL)
[INFO]:  Delta Time (ms): 0.195300 (5120.327701 FPS RAW) - Virtual Delta Time (ms): 16.530000 (60.496068 FPS VIRTUAL)
[INFO]:  Delta Time (ms): 0.198100 (5047.955578 FPS RAW) - Virtual Delta Time (ms): 16.467200 (60.726778 FPS VIRTUAL)
[INFO]:  Delta Time (ms): 0.190000 (5263.157895 FPS RAW) - Virtual Delta Time (ms): 16.400100 (60.975238 FPS VIRTUAL)
[INFO]:  Delta Time (ms): 0.188300 (5310.674456 FPS RAW) - Virtual Delta Time (ms): 16.483600 (60.666359 FPS VIRTUAL)
[INFO]:  Delta Time (ms): 0.220800 (4528.985507 FPS RAW) - Virtual Delta Time (ms): 16.426800 (60.876129 FPS VIRTUAL)
[INFO]:  Delta Time (ms): 0.186000 (5376.344086 FPS RAW) - Virtual Delta Time (ms): 16.532600 (60.486554 FPS VIRTUAL)
[INFO]:  Delta Time (ms): 0.190200 (5257.623554 FPS RAW) - Virtual Delta Time (ms): 16.396300 (60.989370 FPS VIRTUAL)
[INFO]:  Delta Time (ms): 0.185000 (5405.405405 FPS RAW) - Virtual Delta Time (ms): 16.534500 (60.479603 FPS VIRTUAL)
[INFO]:  Delta Time (ms): 0.190900 (5238.344683 FPS RAW) - Virtual Delta Time (ms): 16.397900 (60.983419 FPS VIRTUAL)
[INFO]:  Delta Time (ms): 0.186500 (5361.930295 FPS RAW) - Virtual Delta Time (ms): 16.527600 (60.504852 FPS VIRTUAL)
[INFO]:  Delta Time (ms): 0.187700 (5327.650506 FPS RAW) - Virtual Delta Time (ms): 16.674800 (59.970734 FPS VIRTUAL)
[INFO]:  Delta Time (ms): 0.132300 (7558.578987 FPS RAW) - Virtual Delta Time (ms): 17.115600 (58.426231 FPS VIRTUAL)
[INFO]:  Delta Time (ms): 0.083800 (11933.174224 FPS RAW) - Virtual Delta Time (ms): 16.814400 (59.472833 FPS VIRTUAL)
[INFO]:  Delta Time (ms): 0.085900 (11641.443539 FPS RAW) - Virtual Delta Time (ms): 16.325200 (61.254992 FPS VIRTUAL)
[INFO]:  Delta Time (ms): 0.084600 (11820.330969 FPS RAW) - Virtual Delta Time (ms): 16.258100 (61.507802 FPS VIRTUAL)
[INFO]:  Delta Time (ms): 0.110000 (9090.909091 FPS RAW) - Virtual Delta Time (ms): 17.098300 (58.485346 FPS VIRTUAL)
[INFO]:  Delta Time (ms): 0.189600 (5274.261603 FPS RAW) - Virtual Delta Time (ms): 16.438100 (60.834281 FPS VIRTUAL)
[INFO]:  Delta Time (ms): 0.190000 (5263.157895 FPS RAW) - Virtual Delta Time (ms): 16.398700 (60.980444 FPS VIRTUAL)
[INFO]:  Delta Time (ms): 0.186100 (5373.455132 FPS RAW) - Virtual Delta Time (ms): 16.542600 (60.449990 FPS VIRTUAL)
[INFO]:  Delta Time (ms): 0.190900 (5238.344683 FPS RAW) - Virtual Delta Time (ms): 16.470700 (60.713874 FPS VIRTUAL)
[INFO]:  Delta Time (ms): 0.184900 (5408.328826 FPS RAW) - Virtual Delta Time (ms): 16.399700 (60.976725 FPS VIRTUAL)
[INFO]:  Delta Time (ms): 0.186400 (5364.806867 FPS RAW) - Virtual Delta Time (ms): 16.529300 (60.498630 FPS VIRTUAL)
[INFO]:  Delta Time (ms): 0.186600 (5359.056806 FPS RAW) - Virtual Delta Time (ms): 16.400000 (60.975610 FPS VIRTUAL)
[INFO]:  Delta Time (ms): 0.189700 (5271.481286 FPS RAW) - Virtual Delta Time (ms): 16.547000 (60.433916 FPS VIRTUAL)
[INFO]:  Delta Time (ms): 0.187300 (5339.028297 FPS RAW) - Virtual Delta Time (ms): 16.893900 (59.192963 FPS VIRTUAL)
[INFO]:  Delta Time (ms): 0.184900 (5408.328826 FPS RAW) - Virtual Delta Time (ms): 16.413900 (60.923973 FPS VIRTUAL)
[INFO]:  Delta Time (ms): 0.186500 (5361.930295 FPS RAW) - Virtual Delta Time (ms): 16.351900 (61.154973 FPS VIRTUAL)
[INFO]:  Delta Time (ms): 0.291600 (3429.355281 FPS RAW) - Virtual Delta Time (ms): 17.413100 (57.428028 FPS VIRTUAL)
[INFO]:  Delta Time (ms): 0.188300 (5310.674456 FPS RAW) - Virtual Delta Time (ms): 16.523100 (60.521331 FPS VIRTUAL)
[INFO]:  Delta Time (ms): 0.187700 (5327.650506 FPS RAW) - Virtual Delta Time (ms): 16.483200 (60.667831 FPS VIRTUAL)
[INFO]:  Delta Time (ms): 0.187700 (5327.650506 FPS RAW) - Virtual Delta Time (ms): 16.431600 (60.858346 FPS VIRTUAL)
[INFO]:  Delta Time (ms): 0.060800 (16447.368421 FPS RAW) - Virtual Delta Time (ms): 16.405000 (60.957025 FPS VIRTUAL)
[INFO]:  Delta Time (ms): 0.059100 (16920.473773 FPS RAW) - Virtual Delta Time (ms): 16.398000 (60.983047 FPS VIRTUAL)
[INFO]:  Delta Time (ms): 0.061200 (16339.869281 FPS RAW) - Virtual Delta Time (ms): 16.655100 (60.041669 FPS VIRTUAL)
[INFO]:  Delta Time (ms): 0.248500 (4024.144869 FPS RAW) - Virtual Delta Time (ms): 16.445800 (60.805798 FPS VIRTUAL)
[INFO]:  Quit SDL_TTF
[INFO]:  Deleted OpenGL Context
[INFO]:  Deleted OpenGL Window
[INFO]:  Quit SDL
[INFO]:  Quit from terminal logging.
